{"B:\\MyGit\\main-telerik-git\\node-js\\Lectures\\project-structure\\app\\index.js":{"path":"B:\\MyGit\\main-telerik-git\\node-js\\Lectures\\project-structure\\app\\index.js","s":{"1":1},"b":{},"f":{},"fnMap":{},"statementMap":{"1":{"start":{"line":1,"column":0},"end":{"line":1,"column":34}}},"branchMap":{}},"B:\\MyGit\\main-telerik-git\\node-js\\Lectures\\project-structure\\app\\app.js":{"path":"B:\\MyGit\\main-telerik-git\\node-js\\Lectures\\project-structure\\app\\app.js","s":{"1":1,"2":1,"3":1,"4":1,"5":1,"6":1,"7":1,"8":1,"9":1,"10":1,"11":1,"12":1,"13":1,"14":1,"15":1,"16":1,"17":1,"18":1,"19":1,"20":0,"21":1,"22":1,"23":1,"24":0,"25":1,"26":0,"27":1,"28":1},"b":{},"f":{},"fnMap":{},"statementMap":{"1":{"start":{"line":3,"column":0},"end":{"line":3,"column":35}},"2":{"start":{"line":4,"column":0},"end":{"line":4,"column":42}},"3":{"start":{"line":5,"column":0},"end":{"line":5,"column":46}},"4":{"start":{"line":6,"column":0},"end":{"line":6,"column":43}},"5":{"start":{"line":7,"column":0},"end":{"line":7,"column":29}},"6":{"start":{"line":8,"column":0},"end":{"line":8,"column":59}},"7":{"start":{"line":10,"column":0},"end":{"line":46,"column":2}},"8":{"start":{"line":11,"column":4},"end":{"line":11,"column":26}},"9":{"start":{"line":13,"column":4},"end":{"line":13,"column":34}},"10":{"start":{"line":14,"column":4},"end":{"line":14,"column":31}},"11":{"start":{"line":15,"column":4},"end":{"line":15,"column":55}},"12":{"start":{"line":17,"column":4},"end":{"line":17,"column":28}},"13":{"start":{"line":18,"column":4},"end":{"line":18,"column":78}},"14":{"start":{"line":20,"column":4},"end":{"line":20,"column":40}},"15":{"start":{"line":21,"column":4},"end":{"line":24,"column":7}},"16":{"start":{"line":22,"column":8},"end":{"line":22,"column":68}},"17":{"start":{"line":23,"column":8},"end":{"line":23,"column":15}},"18":{"start":{"line":26,"column":4},"end":{"line":26,"column":79}},"19":{"start":{"line":28,"column":4},"end":{"line":30,"column":7}},"20":{"start":{"line":29,"column":8},"end":{"line":29,"column":34}},"21":{"start":{"line":32,"column":4},"end":{"line":34,"column":7}},"22":{"start":{"line":33,"column":8},"end":{"line":33,"column":44}},"23":{"start":{"line":36,"column":4},"end":{"line":38,"column":7}},"24":{"start":{"line":37,"column":8},"end":{"line":37,"column":46}},"25":{"start":{"line":40,"column":4},"end":{"line":42,"column":7}},"26":{"start":{"line":41,"column":8},"end":{"line":41,"column":33}},"27":{"start":{"line":44,"column":4},"end":{"line":44,"column":32}},"28":{"start":{"line":48,"column":0},"end":{"line":50,"column":2}}},"branchMap":{}},"B:\\MyGit\\main-telerik-git\\node-js\\Lectures\\project-structure\\app\\controllers\\all.controller.js":{"path":"B:\\MyGit\\main-telerik-git\\node-js\\Lectures\\project-structure\\app\\controllers\\all.controller.js","s":{"1":1,"2":0,"3":0,"4":0,"5":0,"6":0,"7":1,"8":1,"9":1,"10":1,"11":1,"12":0,"13":0,"14":0,"15":0,"16":0,"17":0,"18":0,"19":1},"b":{"1":[0,0],"2":[0,0,0]},"f":{},"fnMap":{},"statementMap":{"1":{"start":{"line":1,"column":0},"end":{"line":13,"column":2}},"2":{"start":{"line":2,"column":4},"end":{"line":2,"column":26}},"3":{"start":{"line":4,"column":4},"end":{"line":8,"column":5}},"4":{"start":{"line":7,"column":8},"end":{"line":7,"column":22}},"5":{"start":{"line":10,"column":4},"end":{"line":10,"column":40}},"6":{"start":{"line":12,"column":4},"end":{"line":12,"column":33}},"7":{"start":{"line":15,"column":0},"end":{"line":21,"column":2}},"8":{"start":{"line":16,"column":4},"end":{"line":16,"column":86}},"9":{"start":{"line":17,"column":4},"end":{"line":20,"column":11}},"10":{"start":{"line":19,"column":12},"end":{"line":19,"column":63}},"11":{"start":{"line":23,"column":0},"end":{"line":36,"column":2}},"12":{"start":{"line":24,"column":4},"end":{"line":24,"column":26}},"13":{"start":{"line":26,"column":4},"end":{"line":35,"column":11}},"14":{"start":{"line":28,"column":12},"end":{"line":28,"column":32}},"15":{"start":{"line":29,"column":12},"end":{"line":29,"column":35}},"16":{"start":{"line":30,"column":12},"end":{"line":30,"column":42}},"17":{"start":{"line":31,"column":12},"end":{"line":31,"column":55}},"18":{"start":{"line":34,"column":12},"end":{"line":34,"column":34}},"19":{"start":{"line":38,"column":0},"end":{"line":42,"column":2}}},"branchMap":{"1":{"line":4,"type":"if","locations":[{"start":{"line":4,"column":4},"end":{"line":4,"column":4}},{"start":{"line":4,"column":4},"end":{"line":4,"column":4}}]},"2":{"line":4,"type":"binary-expr","locations":[{"start":{"line":4,"column":8},"end":{"line":4,"column":33}},{"start":{"line":5,"column":8},"end":{"line":5,"column":37}},{"start":{"line":6,"column":8},"end":{"line":6,"column":28}}]}}},"B:\\MyGit\\main-telerik-git\\node-js\\Lectures\\project-structure\\data\\base\\base.data.js":{"path":"B:\\MyGit\\main-telerik-git\\node-js\\Lectures\\project-structure\\data\\base\\base.data.js","s":{"1":2,"2":2,"3":2,"4":2,"5":2,"6":2,"7":2,"8":1,"9":1,"10":4,"11":1,"12":2,"13":1},"b":{"1":[1,1]},"f":{"1":2,"2":2,"3":2},"fnMap":{"1":{"name":"(anonymous_1)","line":2,"loc":{"start":{"line":2,"column":15},"end":{"line":2,"column":43}}},"2":{"name":"(anonymous_2)","line":15,"loc":{"start":{"line":15,"column":10},"end":{"line":15,"column":13}}},"3":{"name":"(anonymous_3)","line":43,"loc":{"start":{"line":43,"column":22},"end":{"line":43,"column":25}}}},"statementMap":{"1":{"start":{"line":3,"column":8},"end":{"line":3,"column":21}},"2":{"start":{"line":4,"column":8},"end":{"line":4,"column":37}},"3":{"start":{"line":5,"column":8},"end":{"line":5,"column":35}},"4":{"start":{"line":6,"column":8},"end":{"line":6,"column":56}},"5":{"start":{"line":7,"column":8},"end":{"line":7,"column":66}},"6":{"start":{"line":16,"column":8},"end":{"line":17,"column":23}},"7":{"start":{"line":18,"column":8},"end":{"line":26,"column":9}},"8":{"start":{"line":19,"column":12},"end":{"line":23,"column":15}},"9":{"start":{"line":20,"column":16},"end":{"line":22,"column":19}},"10":{"start":{"line":21,"column":20},"end":{"line":21,"column":65}},"11":{"start":{"line":25,"column":12},"end":{"line":25,"column":26}},"12":{"start":{"line":44,"column":8},"end":{"line":44,"column":56}},"13":{"start":{"line":48,"column":0},"end":{"line":50,"column":2}}},"branchMap":{"1":{"line":18,"type":"if","locations":[{"start":{"line":18,"column":8},"end":{"line":18,"column":8}},{"start":{"line":18,"column":8},"end":{"line":18,"column":8}}]}}}}