{"B:\\MyGit\\main-telerik-git\\node-js\\Lectures\\project-structure\\data\\base\\base.data.js":{"path":"B:\\MyGit\\main-telerik-git\\node-js\\Lectures\\project-structure\\data\\base\\base.data.js","s":{"1":2,"2":2,"3":2,"4":2,"5":2,"6":2,"7":2,"8":1,"9":1,"10":4,"11":1,"12":2,"13":1},"b":{"1":[1,1]},"f":{"1":2,"2":2,"3":2},"fnMap":{"1":{"name":"(anonymous_1)","line":2,"loc":{"start":{"line":2,"column":15},"end":{"line":2,"column":43}}},"2":{"name":"(anonymous_2)","line":15,"loc":{"start":{"line":15,"column":10},"end":{"line":15,"column":13}}},"3":{"name":"(anonymous_3)","line":43,"loc":{"start":{"line":43,"column":22},"end":{"line":43,"column":25}}}},"statementMap":{"1":{"start":{"line":3,"column":8},"end":{"line":3,"column":21}},"2":{"start":{"line":4,"column":8},"end":{"line":4,"column":37}},"3":{"start":{"line":5,"column":8},"end":{"line":5,"column":35}},"4":{"start":{"line":6,"column":8},"end":{"line":6,"column":56}},"5":{"start":{"line":7,"column":8},"end":{"line":7,"column":66}},"6":{"start":{"line":16,"column":8},"end":{"line":17,"column":23}},"7":{"start":{"line":18,"column":8},"end":{"line":26,"column":9}},"8":{"start":{"line":19,"column":12},"end":{"line":23,"column":15}},"9":{"start":{"line":20,"column":16},"end":{"line":22,"column":19}},"10":{"start":{"line":21,"column":20},"end":{"line":21,"column":65}},"11":{"start":{"line":25,"column":12},"end":{"line":25,"column":26}},"12":{"start":{"line":44,"column":8},"end":{"line":44,"column":56}},"13":{"start":{"line":48,"column":0},"end":{"line":50,"column":2}}},"branchMap":{"1":{"line":18,"type":"if","locations":[{"start":{"line":18,"column":8},"end":{"line":18,"column":8}},{"start":{"line":18,"column":8},"end":{"line":18,"column":8}}]}}}}