{
"B:\\MyGit\\main-telerik-git\\node-js\\Lectures\\project-structure\\data\\data.js":{"path":"B:\\MyGit\\main-telerik-git\\node-js\\Lectures\\project-structure\\data\\data.js","s":{"1":1,"2":1,"3":1,"4":1,"5":1,"6":1},"b":{},"f":{},"fnMap":{},"statementMap":{"1":{"start":{"line":1,"column":0},"end":{"line":1,"column":45}},"2":{"start":{"line":2,"column":0},"end":{"line":2,"column":45}},"3":{"start":{"line":3,"column":0},"end":{"line":3,"column":43}},"4":{"start":{"line":5,"column":0},"end":{"line":10,"column":2}},"5":{"start":{"line":6,"column":4},"end":{"line":9,"column":7}},"6":{"start":{"line":12,"column":0},"end":{"line":14,"column":2}}},"branchMap":{},"l":{"1":1,"2":1,"3":1,"5":1,"6":1,"12":1}},
"B:\\MyGit\\main-telerik-git\\node-js\\Lectures\\project-structure\\data\\index.js":{"path":"B:\\MyGit\\main-telerik-git\\node-js\\Lectures\\project-structure\\data\\index.js","s":{"1":1},"b":{},"f":{},"fnMap":{},"statementMap":{"1":{"start":{"line":1,"column":0},"end":{"line":1,"column":35}}},"branchMap":{},"l":{"1":1}},
"B:\\MyGit\\main-telerik-git\\node-js\\Lectures\\project-structure\\data\\item.data.js":{"path":"B:\\MyGit\\main-telerik-git\\node-js\\Lectures\\project-structure\\data\\item.data.js","s":{"1":1,"2":1,"3":1,"4":0,"5":0,"6":0,"7":0,"8":1},"b":{},"f":{"1":1,"2":0},"fnMap":{"1":{"name":"(anonymous_1)","line":5,"loc":{"start":{"line":5,"column":15},"end":{"line":5,"column":37}}},"2":{"name":"(anonymous_2)","line":9,"loc":{"start":{"line":9,"column":17},"end":{"line":9,"column":25}}}},"statementMap":{"1":{"start":{"line":1,"column":0},"end":{"line":1,"column":49}},"2":{"start":{"line":2,"column":0},"end":{"line":2,"column":49}},"3":{"start":{"line":6,"column":8},"end":{"line":6,"column":41}},"4":{"start":{"line":10,"column":8},"end":{"line":14,"column":9}},"5":{"start":{"line":11,"column":12},"end":{"line":11,"column":34}},"6":{"start":{"line":13,"column":12},"end":{"line":13,"column":25}},"7":{"start":{"line":15,"column":8},"end":{"line":15,"column":20}},"8":{"start":{"line":19,"column":0},"end":{"line":21,"column":2}}},"branchMap":{},"l":{"1":1,"2":1,"6":1,"10":0,"11":0,"13":0,"15":0,"19":1}},
"B:\\MyGit\\main-telerik-git\\node-js\\Lectures\\project-structure\\data\\user.data.js":{"path":"B:\\MyGit\\main-telerik-git\\node-js\\Lectures\\project-structure\\data\\user.data.js","s":{"1":1,"2":1,"3":1,"4":0,"5":0,"6":0,"7":0,"8":0,"9":1},"b":{"1":[0,0]},"f":{"1":1,"2":0},"fnMap":{"1":{"name":"(anonymous_1)","line":5,"loc":{"start":{"line":5,"column":15},"end":{"line":5,"column":26}}},"2":{"name":"(anonymous_2)","line":9,"loc":{"start":{"line":9,"column":17},"end":{"line":9,"column":38}}}},"statementMap":{"1":{"start":{"line":1,"column":0},"end":{"line":1,"column":49}},"2":{"start":{"line":2,"column":0},"end":{"line":2,"column":49}},"3":{"start":{"line":6,"column":8},"end":{"line":6,"column":30}},"4":{"start":{"line":10,"column":8},"end":{"line":21,"column":11}},"5":{"start":{"line":14,"column":12},"end":{"line":16,"column":13}},"6":{"start":{"line":15,"column":16},"end":{"line":15,"column":50}},"7":{"start":{"line":17,"column":12},"end":{"line":17,"column":24}},"8":{"start":{"line":20,"column":12},"end":{"line":20,"column":29}},"9":{"start":{"line":25,"column":0},"end":{"line":27,"column":2}}},"branchMap":{"1":{"line":14,"type":"if","locations":[{"start":{"line":14,"column":12},"end":{"line":14,"column":12}},{"start":{"line":14,"column":12},"end":{"line":14,"column":12}}]}},"l":{"1":1,"2":1,"6":1,"10":0,"14":0,"15":0,"17":0,"20":0,"25":1}},
"B:\\MyGit\\main-telerik-git\\node-js\\Lectures\\project-structure\\data\\base\\base.data.js":{"path":"B:\\MyGit\\main-telerik-git\\node-js\\Lectures\\project-structure\\data\\base\\base.data.js","s":{"1":4,"2":4,"3":4,"4":4,"5":4,"6":3,"7":3,"8":2,"9":2,"10":24,"11":1,"12":4,"13":1},"b":{"1":[2,1]},"f":{"1":4,"2":3,"3":4},"fnMap":{"1":{"name":"(anonymous_1)","line":2,"loc":{"start":{"line":2,"column":15},"end":{"line":2,"column":43}}},"2":{"name":"(anonymous_2)","line":15,"loc":{"start":{"line":15,"column":10},"end":{"line":15,"column":13}}},"3":{"name":"(anonymous_3)","line":43,"loc":{"start":{"line":43,"column":22},"end":{"line":43,"column":25}}}},"statementMap":{"1":{"start":{"line":3,"column":8},"end":{"line":3,"column":21}},"2":{"start":{"line":4,"column":8},"end":{"line":4,"column":37}},"3":{"start":{"line":5,"column":8},"end":{"line":5,"column":35}},"4":{"start":{"line":6,"column":8},"end":{"line":6,"column":56}},"5":{"start":{"line":7,"column":8},"end":{"line":7,"column":66}},"6":{"start":{"line":16,"column":8},"end":{"line":17,"column":23}},"7":{"start":{"line":18,"column":8},"end":{"line":26,"column":9}},"8":{"start":{"line":19,"column":12},"end":{"line":23,"column":15}},"9":{"start":{"line":20,"column":16},"end":{"line":22,"column":19}},"10":{"start":{"line":21,"column":20},"end":{"line":21,"column":65}},"11":{"start":{"line":25,"column":12},"end":{"line":25,"column":26}},"12":{"start":{"line":44,"column":8},"end":{"line":44,"column":56}},"13":{"start":{"line":48,"column":0},"end":{"line":50,"column":2}}},"branchMap":{"1":{"line":18,"type":"if","locations":[{"start":{"line":18,"column":8},"end":{"line":18,"column":8}},{"start":{"line":18,"column":8},"end":{"line":18,"column":8}}]}},"l":{"3":4,"4":4,"5":4,"6":4,"7":4,"16":3,"18":3,"19":2,"20":2,"21":24,"25":1,"44":4,"48":1}},
"B:\\MyGit\\main-telerik-git\\node-js\\Lectures\\project-structure\\app\\app.js":{"path":"B:\\MyGit\\main-telerik-git\\node-js\\Lectures\\project-structure\\app\\app.js","s":{"1":1,"2":1,"3":1,"4":1,"5":1,"6":1,"7":1,"8":1,"9":1,"10":1,"11":1,"12":1,"13":1,"14":1,"15":1,"16":1,"17":1,"18":1,"19":1,"20":0,"21":1,"22":1,"23":1,"24":0,"25":1,"26":0,"27":1,"28":1},"b":{},"f":{},"fnMap":{},"statementMap":{"1":{"start":{"line":3,"column":0},"end":{"line":3,"column":35}},"2":{"start":{"line":4,"column":0},"end":{"line":4,"column":42}},"3":{"start":{"line":5,"column":0},"end":{"line":5,"column":46}},"4":{"start":{"line":6,"column":0},"end":{"line":6,"column":43}},"5":{"start":{"line":7,"column":0},"end":{"line":7,"column":29}},"6":{"start":{"line":8,"column":0},"end":{"line":8,"column":59}},"7":{"start":{"line":10,"column":0},"end":{"line":46,"column":2}},"8":{"start":{"line":11,"column":4},"end":{"line":11,"column":26}},"9":{"start":{"line":13,"column":4},"end":{"line":13,"column":34}},"10":{"start":{"line":14,"column":4},"end":{"line":14,"column":31}},"11":{"start":{"line":15,"column":4},"end":{"line":15,"column":55}},"12":{"start":{"line":17,"column":4},"end":{"line":17,"column":28}},"13":{"start":{"line":18,"column":4},"end":{"line":18,"column":78}},"14":{"start":{"line":20,"column":4},"end":{"line":20,"column":40}},"15":{"start":{"line":21,"column":4},"end":{"line":24,"column":7}},"16":{"start":{"line":22,"column":8},"end":{"line":22,"column":68}},"17":{"start":{"line":23,"column":8},"end":{"line":23,"column":15}},"18":{"start":{"line":26,"column":4},"end":{"line":26,"column":79}},"19":{"start":{"line":28,"column":4},"end":{"line":30,"column":7}},"20":{"start":{"line":29,"column":8},"end":{"line":29,"column":34}},"21":{"start":{"line":32,"column":4},"end":{"line":34,"column":7}},"22":{"start":{"line":33,"column":8},"end":{"line":33,"column":44}},"23":{"start":{"line":36,"column":4},"end":{"line":38,"column":7}},"24":{"start":{"line":37,"column":8},"end":{"line":37,"column":46}},"25":{"start":{"line":40,"column":4},"end":{"line":42,"column":7}},"26":{"start":{"line":41,"column":8},"end":{"line":41,"column":33}},"27":{"start":{"line":44,"column":4},"end":{"line":44,"column":32}},"28":{"start":{"line":48,"column":0},"end":{"line":50,"column":2}}},"branchMap":{},"l":{"3":1,"4":1,"5":1,"6":1,"7":1,"8":1,"10":1,"11":1,"13":1,"14":1,"15":1,"17":1,"18":1,"20":1,"21":1,"22":1,"23":1,"26":1,"28":1,"29":0,"32":1,"33":1,"36":1,"37":0,"40":1,"41":0,"44":1,"48":1}},
"B:\\MyGit\\main-telerik-git\\node-js\\Lectures\\project-structure\\app\\index.js":{"path":"B:\\MyGit\\main-telerik-git\\node-js\\Lectures\\project-structure\\app\\index.js","s":{"1":1},"b":{},"f":{},"fnMap":{},"statementMap":{"1":{"start":{"line":1,"column":0},"end":{"line":1,"column":34}}},"branchMap":{},"l":{"1":1}},
"B:\\MyGit\\main-telerik-git\\node-js\\Lectures\\project-structure\\app\\controllers\\all.controller.js":{"path":"B:\\MyGit\\main-telerik-git\\node-js\\Lectures\\project-structure\\app\\controllers\\all.controller.js","s":{"1":1,"2":0,"3":0,"4":0,"5":0,"6":0,"7":1,"8":1,"9":1,"10":1,"11":0,"12":0,"13":0,"14":0,"15":0,"16":0,"17":0,"18":1},"b":{"1":[0,0],"2":[0,0,0]},"f":{},"fnMap":{},"statementMap":{"1":{"start":{"line":1,"column":0},"end":{"line":13,"column":2}},"2":{"start":{"line":2,"column":4},"end":{"line":2,"column":26}},"3":{"start":{"line":4,"column":4},"end":{"line":8,"column":5}},"4":{"start":{"line":7,"column":8},"end":{"line":7,"column":22}},"5":{"start":{"line":10,"column":4},"end":{"line":10,"column":40}},"6":{"start":{"line":12,"column":4},"end":{"line":12,"column":33}},"7":{"start":{"line":15,"column":0},"end":{"line":20,"column":2}},"8":{"start":{"line":16,"column":4},"end":{"line":19,"column":11}},"9":{"start":{"line":18,"column":12},"end":{"line":18,"column":63}},"10":{"start":{"line":22,"column":0},"end":{"line":35,"column":2}},"11":{"start":{"line":23,"column":4},"end":{"line":23,"column":26}},"12":{"start":{"line":25,"column":4},"end":{"line":34,"column":11}},"13":{"start":{"line":27,"column":12},"end":{"line":27,"column":32}},"14":{"start":{"line":28,"column":12},"end":{"line":28,"column":35}},"15":{"start":{"line":29,"column":12},"end":{"line":29,"column":42}},"16":{"start":{"line":30,"column":12},"end":{"line":30,"column":55}},"17":{"start":{"line":33,"column":12},"end":{"line":33,"column":34}},"18":{"start":{"line":37,"column":0},"end":{"line":41,"column":2}}},"branchMap":{"1":{"line":4,"type":"if","locations":[{"start":{"line":4,"column":4},"end":{"line":4,"column":4}},{"start":{"line":4,"column":4},"end":{"line":4,"column":4}}]},"2":{"line":4,"type":"binary-expr","locations":[{"start":{"line":4,"column":8},"end":{"line":4,"column":33}},{"start":{"line":5,"column":8},"end":{"line":5,"column":37}},{"start":{"line":6,"column":8},"end":{"line":6,"column":28}}]}},"l":{"1":1,"2":0,"4":0,"7":0,"10":0,"12":0,"15":1,"16":1,"18":1,"22":1,"23":0,"25":0,"27":0,"28":0,"29":0,"30":0,"33":0,"37":1}},
"B:\\MyGit\\main-telerik-git\\node-js\\Lectures\\project-structure\\config\\config.js":{"path":"B:\\MyGit\\main-telerik-git\\node-js\\Lectures\\project-structure\\config\\config.js","s":{"1":0,"2":0,"3":0},"b":{},"f":{},"fnMap":{},"statementMap":{"1":{"start":{"line":1,"column":0},"end":{"line":1,"column":18}},"2":{"start":{"line":2,"column":0},"end":{"line":2,"column":74}},"3":{"start":{"line":4,"column":0},"end":{"line":7,"column":2}}},"branchMap":{},"l":{"1":0,"2":0,"4":0}},
"B:\\MyGit\\main-telerik-git\\node-js\\Lectures\\project-structure\\config\\index.js":{"path":"B:\\MyGit\\main-telerik-git\\node-js\\Lectures\\project-structure\\config\\index.js","s":{"1":0},"b":{},"f":{},"fnMap":{},"statementMap":{"1":{"start":{"line":1,"column":0},"end":{"line":1,"column":37}}},"branchMap":{},"l":{"1":0}},
"B:\\MyGit\\main-telerik-git\\node-js\\Lectures\\project-structure\\database\\db.js":{"path":"B:\\MyGit\\main-telerik-git\\node-js\\Lectures\\project-structure\\database\\db.js","s":{"1":1,"2":1,"3":1,"4":1},"b":{},"f":{},"fnMap":{},"statementMap":{"1":{"start":{"line":1,"column":0},"end":{"line":1,"column":43}},"2":{"start":{"line":3,"column":0},"end":{"line":5,"column":2}},"3":{"start":{"line":4,"column":4},"end":{"line":4,"column":36}},"4":{"start":{"line":7,"column":0},"end":{"line":9,"column":2}}},"branchMap":{},"l":{"1":1,"3":1,"4":1,"7":1}},
"B:\\MyGit\\main-telerik-git\\node-js\\Lectures\\project-structure\\database\\index.js":{"path":"B:\\MyGit\\main-telerik-git\\node-js\\Lectures\\project-structure\\database\\index.js","s":{"1":1},"b":{},"f":{},"fnMap":{},"statementMap":{"1":{"start":{"line":1,"column":0},"end":{"line":1,"column":33}}},"branchMap":{},"l":{"1":1}},
"B:\\MyGit\\main-telerik-git\\node-js\\Lectures\\project-structure\\models\\item.model.js":{"path":"B:\\MyGit\\main-telerik-git\\node-js\\Lectures\\project-structure\\models\\item.model.js","s":{"1":1,"2":20,"3":1},"b":{},"f":{"1":20},"fnMap":{"1":{"name":"(anonymous_1)","line":4,"loc":{"start":{"line":4,"column":15},"end":{"line":4,"column":18}}}},"statementMap":{"1":{"start":{"line":1,"column":0},"end":{"line":1,"column":51}},"2":{"start":{"line":5,"column":8},"end":{"line":5,"column":16}},"3":{"start":{"line":9,"column":0},"end":{"line":11,"column":2}}},"branchMap":{},"l":{"1":1,"5":20,"9":1}},
"B:\\MyGit\\main-telerik-git\\node-js\\Lectures\\project-structure\\models\\user.model.js":{"path":"B:\\MyGit\\main-telerik-git\\node-js\\Lectures\\project-structure\\models\\user.model.js","s":{"1":1},"b":{},"f":{},"fnMap":{},"statementMap":{"1":{"start":{"line":5,"column":0},"end":{"line":7,"column":2}}},"branchMap":{},"l":{"5":1}},
"B:\\MyGit\\main-telerik-git\\node-js\\Lectures\\project-structure\\models\\base\\base.model.js":{"path":"B:\\MyGit\\main-telerik-git\\node-js\\Lectures\\project-structure\\models\\base\\base.model.js","s":{"1":0,"2":20,"3":20,"4":40,"5":20,"6":1},"b":{},"f":{"1":0,"2":20},"fnMap":{"1":{"name":"(anonymous_1)","line":2,"loc":{"start":{"line":2,"column":10},"end":{"line":2,"column":13}}},"2":{"name":"(anonymous_2)","line":6,"loc":{"start":{"line":6,"column":25},"end":{"line":6,"column":32}}}},"statementMap":{"1":{"start":{"line":3,"column":8},"end":{"line":3,"column":29}},"2":{"start":{"line":7,"column":8},"end":{"line":7,"column":33}},"3":{"start":{"line":9,"column":8},"end":{"line":12,"column":15}},"4":{"start":{"line":11,"column":16},"end":{"line":11,"column":41}},"5":{"start":{"line":13,"column":8},"end":{"line":13,"column":21}},"6":{"start":{"line":17,"column":0},"end":{"line":19,"column":2}}},"branchMap":{},"l":{"3":0,"7":20,"9":20,"11":40,"13":20,"17":1}},
"B:\\MyGit\\main-telerik-git\\node-js\\Lectures\\project-structure\\validation\\index.js":{"path":"B:\\MyGit\\main-telerik-git\\node-js\\Lectures\\project-structure\\validation\\index.js","s":{"1":1},"b":{},"f":{},"fnMap":{},"statementMap":{"1":{"start":{"line":1,"column":0},"end":{"line":3,"column":2}}},"branchMap":{},"l":{"1":1}},
"B:\\MyGit\\main-telerik-git\\node-js\\Lectures\\project-structure\\validation\\item.validator.js":{"path":"B:\\MyGit\\main-telerik-git\\node-js\\Lectures\\project-structure\\validation\\item.validator.js","s":{"1":1,"2":0,"3":0,"4":0,"5":0,"6":0,"7":0,"8":1},"b":{"1":[0,0],"2":[0,0],"3":[0,0]},"f":{},"fnMap":{},"statementMap":{"1":{"start":{"line":1,"column":0},"end":{"line":13,"column":2}},"2":{"start":{"line":2,"column":4},"end":{"line":4,"column":5}},"3":{"start":{"line":3,"column":8},"end":{"line":3,"column":38}},"4":{"start":{"line":6,"column":4},"end":{"line":8,"column":5}},"5":{"start":{"line":7,"column":8},"end":{"line":7,"column":38}},"6":{"start":{"line":10,"column":4},"end":{"line":12,"column":5}},"7":{"start":{"line":11,"column":8},"end":{"line":11,"column":38}},"8":{"start":{"line":15,"column":0},"end":{"line":17,"column":2}}},"branchMap":{"1":{"line":2,"type":"if","locations":[{"start":{"line":2,"column":4},"end":{"line":2,"column":4}},{"start":{"line":2,"column":4},"end":{"line":2,"column":4}}]},"2":{"line":6,"type":"if","locations":[{"start":{"line":6,"column":4},"end":{"line":6,"column":4}},{"start":{"line":6,"column":4},"end":{"line":6,"column":4}}]},"3":{"line":10,"type":"if","locations":[{"start":{"line":10,"column":4},"end":{"line":10,"column":4}},{"start":{"line":10,"column":4},"end":{"line":10,"column":4}}]}},"l":{"1":1,"2":0,"3":0,"6":0,"7":0,"10":0,"11":0,"15":1}}}
