TN:
SF:B:\MyGit\main-telerik-git\node-js\Lectures\project-structure\data\data.js
FNF:0
FNH:0
DA:1,1
DA:2,1
DA:3,1
DA:5,1
DA:6,1
DA:12,1
LF:6
LH:6
BRF:0
BRH:0
end_of_record
TN:
SF:B:\MyGit\main-telerik-git\node-js\Lectures\project-structure\data\index.js
FNF:0
FNH:0
DA:1,1
LF:1
LH:1
BRF:0
BRH:0
end_of_record
TN:
SF:B:\MyGit\main-telerik-git\node-js\Lectures\project-structure\data\item.data.js
FN:5,(anonymous_1)
FN:9,(anonymous_2)
FNF:2
FNH:1
FNDA:1,(anonymous_1)
FNDA:0,(anonymous_2)
DA:1,1
DA:2,1
DA:6,1
DA:10,0
DA:11,0
DA:13,0
DA:15,0
DA:19,1
LF:8
LH:4
BRF:0
BRH:0
end_of_record
TN:
SF:B:\MyGit\main-telerik-git\node-js\Lectures\project-structure\data\user.data.js
FN:5,(anonymous_1)
FN:9,(anonymous_2)
FNF:2
FNH:1
FNDA:1,(anonymous_1)
FNDA:0,(anonymous_2)
DA:1,1
DA:2,1
DA:6,1
DA:10,0
DA:14,0
DA:15,0
DA:17,0
DA:20,0
DA:25,1
LF:9
LH:4
BRDA:14,1,0,0
BRDA:14,1,1,0
BRF:2
BRH:0
end_of_record
TN:
SF:B:\MyGit\main-telerik-git\node-js\Lectures\project-structure\data\base\base.data.js
FN:2,(anonymous_1)
FN:15,(anonymous_2)
FN:43,(anonymous_3)
FNF:3
FNH:3
FNDA:4,(anonymous_1)
FNDA:3,(anonymous_2)
FNDA:4,(anonymous_3)
DA:3,4
DA:4,4
DA:5,4
DA:6,4
DA:7,4
DA:16,3
DA:18,3
DA:19,2
DA:20,2
DA:21,24
DA:25,1
DA:44,4
DA:48,1
LF:13
LH:13
BRDA:18,1,0,2
BRDA:18,1,1,1
BRF:2
BRH:2
end_of_record
TN:
SF:B:\MyGit\main-telerik-git\node-js\Lectures\project-structure\app\app.js
FNF:0
FNH:0
DA:3,1
DA:4,1
DA:5,1
DA:6,1
DA:7,1
DA:8,1
DA:10,1
DA:11,1
DA:13,1
DA:14,1
DA:15,1
DA:17,1
DA:18,1
DA:20,1
DA:21,1
DA:22,1
DA:23,1
DA:26,1
DA:28,1
DA:29,0
DA:32,1
DA:33,1
DA:36,1
DA:37,0
DA:40,1
DA:41,0
DA:44,1
DA:48,1
LF:28
LH:25
BRF:0
BRH:0
end_of_record
TN:
SF:B:\MyGit\main-telerik-git\node-js\Lectures\project-structure\app\index.js
FNF:0
FNH:0
DA:1,1
LF:1
LH:1
BRF:0
BRH:0
end_of_record
TN:
SF:B:\MyGit\main-telerik-git\node-js\Lectures\project-structure\app\controllers\all.controller.js
FNF:0
FNH:0
DA:1,1
DA:2,0
DA:4,0
DA:7,0
DA:10,0
DA:12,0
DA:15,1
DA:16,1
DA:18,1
DA:22,1
DA:23,0
DA:25,0
DA:27,0
DA:28,0
DA:29,0
DA:30,0
DA:33,0
DA:37,1
LF:18
LH:6
BRDA:4,1,0,0
BRDA:4,1,1,0
BRDA:4,2,0,0
BRDA:4,2,1,0
BRDA:4,2,2,0
BRF:5
BRH:0
end_of_record
TN:
SF:B:\MyGit\main-telerik-git\node-js\Lectures\project-structure\config\config.js
FNF:0
FNH:0
DA:1,0
DA:2,0
DA:4,0
LF:3
LH:0
BRF:0
BRH:0
end_of_record
TN:
SF:B:\MyGit\main-telerik-git\node-js\Lectures\project-structure\config\index.js
FNF:0
FNH:0
DA:1,0
LF:1
LH:0
BRF:0
BRH:0
end_of_record
TN:
SF:B:\MyGit\main-telerik-git\node-js\Lectures\project-structure\database\db.js
FNF:0
FNH:0
DA:1,1
DA:3,1
DA:4,1
DA:7,1
LF:4
LH:4
BRF:0
BRH:0
end_of_record
TN:
SF:B:\MyGit\main-telerik-git\node-js\Lectures\project-structure\database\index.js
FNF:0
FNH:0
DA:1,1
LF:1
LH:1
BRF:0
BRH:0
end_of_record
TN:
SF:B:\MyGit\main-telerik-git\node-js\Lectures\project-structure\models\item.model.js
FN:4,(anonymous_1)
FNF:1
FNH:1
FNDA:20,(anonymous_1)
DA:1,1
DA:5,20
DA:9,1
LF:3
LH:3
BRF:0
BRH:0
end_of_record
TN:
SF:B:\MyGit\main-telerik-git\node-js\Lectures\project-structure\models\user.model.js
FNF:0
FNH:0
DA:5,1
LF:1
LH:1
BRF:0
BRH:0
end_of_record
TN:
SF:B:\MyGit\main-telerik-git\node-js\Lectures\project-structure\models\base\base.model.js
FN:2,(anonymous_1)
FN:6,(anonymous_2)
FNF:2
FNH:1
FNDA:0,(anonymous_1)
FNDA:20,(anonymous_2)
DA:3,0
DA:7,20
DA:9,20
DA:11,40
DA:13,20
DA:17,1
LF:6
LH:5
BRF:0
BRH:0
end_of_record
TN:
SF:B:\MyGit\main-telerik-git\node-js\Lectures\project-structure\validation\index.js
FNF:0
FNH:0
DA:1,1
LF:1
LH:1
BRF:0
BRH:0
end_of_record
TN:
SF:B:\MyGit\main-telerik-git\node-js\Lectures\project-structure\validation\item.validator.js
FNF:0
FNH:0
DA:1,1
DA:2,0
DA:3,0
DA:6,0
DA:7,0
DA:10,0
DA:11,0
DA:15,1
LF:8
LH:2
BRDA:2,1,0,0
BRDA:2,1,1,0
BRDA:6,2,0,0
BRDA:6,2,1,0
BRDA:10,3,0,0
BRDA:10,3,1,0
BRF:6
BRH:0
end_of_record
